[WARN][server.go:2802]2019/12/16 15:02:47 [request Content-Type isn't multipart/form-data]
[WARN][server.go:2802]2019/12/16 15:04:55 [open src/tgin/runtime/upload/images/f97c5d29941bfb1b2fdab0874906ab82.png: The system cannot find the path specified.]
[WARN][upload.go:42]2019/12/16 15:07:49 [open src/tgin/runtime/upload/images/f97c5d29941bfb1b2fdab0874906ab82.png: The system cannot find the path specified.]
[WARN][upload.go:39]2019/12/16 15:10:37 [file.IsNotExistMkDir err: mkdir E:\goStd/E:: The filename, directory name, or volume label syntax is incorrect.]
[INFO][image.go:35]2019/12/16 15:15:36 [[.jpg .jpeg .png]]
[WARN][upload.go:42]2019/12/16 15:15:36 [open src/tgin/runtime/upload/images/f97c5d29941bfb1b2fdab0874906ab82.png: The system cannot find the path specified.]
[INFO][upload.go:34]2019/12/16 15:17:12 [src: %+v src/tgin/runtime/upload/images/f97c5d29941bfb1b2fdab0874906ab82.png]
[INFO][image.go:35]2019/12/16 15:17:12 [[.jpg .jpeg .png]]
[WARN][upload.go:43]2019/12/16 15:17:12 [open src/tgin/runtime/upload/images/f97c5d29941bfb1b2fdab0874906ab82.png: The system cannot find the path specified.]
[INFO][upload.go:35]2019/12/16 15:18:34 [src: %+v E:\goStdsrc/tgin/runtime/upload/images/f97c5d29941bfb1b2fdab0874906ab82.png]
[INFO][image.go:35]2019/12/16 15:18:34 [[.jpg .jpeg .png]]
[WARN][upload.go:44]2019/12/16 15:18:34 [open E:\goStdsrc/tgin/runtime/upload/images/f97c5d29941bfb1b2fdab0874906ab82.png: The system cannot find the path specified.]
[INFO][upload.go:35]2019/12/16 15:19:12 [src: %+v E:\goStd/src/tgin/runtime/upload/images/f97c5d29941bfb1b2fdab0874906ab82.png]
[INFO][image.go:35]2019/12/16 15:19:12 [[.jpg .jpeg .png]]
[WARN][upload.go:44]2019/12/16 15:19:12 [open E:\goStd/src/tgin/runtime/upload/images/f97c5d29941bfb1b2fdab0874906ab82.png: The system cannot find the path specified.]
[INFO][upload.go:35]2019/12/16 15:19:34 [src: %+v E:\goStd/src/tgin/runtime/upload/images/f97c5d29941bfb1b2fdab0874906ab82.png]
[INFO][image.go:35]2019/12/16 15:19:34 [[.jpg .jpeg .png]]
[WARN][upload.go:44]2019/12/16 15:19:34 [open E:\goStd/src/tgin/runtime/upload/images/f97c5d29941bfb1b2fdab0874906ab82.png: The system cannot find the path specified.]
[INFO][upload.go:35]2019/12/16 15:21:40 [src: %+v E:\goStd/src/tgin/runtime/upload/images/f97c5d29941bfb1b2fdab0874906ab82.png]
[INFO][image.go:35]2019/12/16 15:21:40 [[.jpg .jpeg .png]]
[WARN][upload.go:44]2019/12/16 15:21:40 [open E:\goStd/src/tgin/runtime/upload/images/f97c5d29941bfb1b2fdab0874906ab82.png: The system cannot find the path specified.]
[INFO][upload.go:35]2019/12/16 15:27:03 [src: %+v E:\goStd/src/tgin/runtime/upload/images/f97c5d29941bfb1b2fdab0874906ab82.png]
[INFO][image.go:35]2019/12/16 15:27:03 [[.jpg .jpeg .png]]
[WARN][upload.go:45]2019/12/16 15:27:03 [open E:/goStd/src/tgin/runtime/upload/images/f97c5d29941bfb1b2fdab0874906ab82.png: The system cannot find the path specified.]
[INFO][upload.go:35]2019/12/16 15:30:41 [src: %+v E:\goStd/src/tgin/runtime/upload/images/]
[INFO][image.go:35]2019/12/16 15:30:41 [[.jpg .jpeg .png]]
[WARN][upload.go:45]2019/12/16 15:30:41 [open E:\goStd/src/tgin/runtime/upload/images/: The system cannot find the path specified.]
[INFO][upload.go:35]2019/12/16 15:34:07 [src: %+v E:\goStd/src/tgin/runtime/upload/images/f97c5d29941bfb1b2fdab0874906ab82.png]
[INFO][image.go:35]2019/12/16 15:34:07 [[.jpg .jpeg .png]]
